[debug] [2018-08-06T13:13:29.587Z] ----------------------------------------------------------------------
[debug] [2018-08-06T13:13:29.589Z] Command:       /usr/bin/node /usr/local/bin/firebase serve
[debug] [2018-08-06T13:13:29.589Z] CLI Version:   4.0.3
[debug] [2018-08-06T13:13:29.589Z] Platform:      linux
[debug] [2018-08-06T13:13:29.589Z] Node Version:  v8.10.0
[debug] [2018-08-06T13:13:29.589Z] Time:          Mon Aug 06 2018 09:13:29 GMT-0400 (EDT)
[debug] [2018-08-06T13:13:29.589Z] ----------------------------------------------------------------------
[debug] 
[debug] [2018-08-06T13:13:29.596Z] > command requires scopes: ["email","openid","https://www.googleapis.com/auth/cloudplatformprojects.readonly","https://www.googleapis.com/auth/firebase","https://www.googleapis.com/auth/cloud-platform"]
[debug] [2018-08-06T13:13:29.596Z] > authorizing via signed-in user
[debug] [2018-08-06T13:13:29.598Z] >>> HTTP REQUEST GET https://admin.firebase.com/v1/projects/tchalla-id  
  
 Mon Aug 06 2018 09:13:29 GMT-0400 (EDT)
[debug] [2018-08-06T13:13:29.872Z] <<< HTTP RESPONSE 200
[debug] [2018-08-06T13:13:29.873Z] >>> HTTP REQUEST GET https://admin.firebase.com/v1/database/tchalla-id/tokens  
  
 Mon Aug 06 2018 09:13:29 GMT-0400 (EDT)
[debug] [2018-08-06T13:13:30.258Z] <<< HTTP RESPONSE 200
[debug] [2018-08-06T13:13:30.260Z] >>> HTTP REQUEST GET https://cloudresourcemanager.googleapis.com/v1/projects/tchalla-id  
  
 Mon Aug 06 2018 09:13:30 GMT-0400 (EDT)
[debug] [2018-08-06T13:13:30.360Z] <<< HTTP RESPONSE 200
[info] 
[info] === Serving from '/home/kurt/lend/tchalla'...
[info] 
[debug] [2018-08-06T13:13:30.363Z] >>> HTTP REQUEST GET https://mobilesdk-pa.googleapis.com/v1/projects/392551642195/clients/_:getWebAppConfig  
  
 Mon Aug 06 2018 09:13:30 GMT-0400 (EDT)
[debug] [2018-08-06T13:13:30.980Z] <<< HTTP RESPONSE 200
[info] i  hosting: Serving hosting files from: public
[info] ✔  hosting: Local server: http://localhost:5000

